<?xml version="1.0" encoding="UTF-8"?>
<testsuite xmlns:xsi="http://www.w3.org/2001/XMLSchema-instance" xsi:noNamespaceSchemaLocation="https://maven.apache.org/surefire/maven-surefire-plugin/xsd/surefire-test-report.xsd" version="3.0.2" name="com.library.apigateway.filter.JwtAuthenticationFilterTests" time="2.736" tests="11" errors="0" skipped="0" failures="0">
  <properties>
[...]
</properties>
  <testcase name="protectedRoute_headerSinBearerPrefix_retorna401" classname="com.library.apigateway.filter.JwtAuthenticationFilterTests" time="0.391">
    <system-out><![CDATA[2026-07-16T13:16:15.847+02:00  INFO 21344 --- [api-gateway] [           main] t.c.s.AnnotationConfigContextLoaderUtils : Could not detect default configuration classes for test class [com.library.apigateway.filter.JwtAuthenticationFilterTests]: JwtAuthenticationFilterTests does not declare any static, non-private, non-final, nested classes annotated with @Configuration.
2026-07-16T13:16:15.883+02:00  INFO 21344 --- [api-gateway] [           main] .b.t.c.SpringBootTestContextBootstrapper : Found @SpringBootConfiguration com.library.apigateway.ApiGatewayApplication for test class com.library.apigateway.filter.JwtAuthenticationFilterTests

  .   ____          _            __ _ _
 /\\ / ___'_ __ _ _(_)_ __  __ _ \ \ \ \
( ( )\___ | '_ | '_| | '_ \/ _` | \ \ \ \
 \\/  ___)| |_)| | | | | || (_| |  ) ) ) )
  '  |____| .__|_| |_|_| |_\__, | / / / /
 =========|_|==============|___/=/_/_/_/

 :: Spring Boot ::                (v3.4.3)

2026-07-16T13:16:16.008+02:00  INFO 21344 --- [api-gateway] [           main] c.l.a.f.JwtAuthenticationFilterTests     : Starting JwtAuthenticationFilterTests using Java 21.0.9 with PID 21344 (started by Slork in C:\Users\Slork\OneDrive\Escritorio\Programacion\Nueva carpeta\api-gateway)
2026-07-16T13:16:16.009+02:00  INFO 21344 --- [api-gateway] [           main] c.l.a.f.JwtAuthenticationFilterTests     : No active profile set, falling back to 1 default profile: "default"
2026-07-16T13:16:16.649+02:00  INFO 21344 --- [api-gateway] [           main] o.s.cloud.context.scope.GenericScope     : BeanFactory id=ed2b0eb0-7f78-30ff-a78a-e262a8ef639d
2026-07-16T13:16:16.958+02:00  INFO 21344 --- [api-gateway] [           main] o.s.c.g.r.RouteDefinitionRouteLocator    : Loaded RoutePredicateFactory [After]
2026-07-16T13:16:16.958+02:00  INFO 21344 --- [api-gateway] [           main] o.s.c.g.r.RouteDefinitionRouteLocator    : Loaded RoutePredicateFactory [Before]
2026-07-16T13:16:16.958+02:00  INFO 21344 --- [api-gateway] [           main] o.s.c.g.r.RouteDefinitionRouteLocator    : Loaded RoutePredicateFactory [Between]
2026-07-16T13:16:16.958+02:00  INFO 21344 --- [api-gateway] [           main] o.s.c.g.r.RouteDefinitionRouteLocator    : Loaded RoutePredicateFactory [Cookie]
2026-07-16T13:16:16.958+02:00  INFO 21344 --- [api-gateway] [           main] o.s.c.g.r.RouteDefinitionRouteLocator    : Loaded RoutePredicateFactory [Header]
2026-07-16T13:16:16.958+02:00  INFO 21344 --- [api-gateway] [           main] o.s.c.g.r.RouteDefinitionRouteLocator    : Loaded RoutePredicateFactory [Host]
2026-07-16T13:16:16.958+02:00  INFO 21344 --- [api-gateway] [           main] o.s.c.g.r.RouteDefinitionRouteLocator    : Loaded RoutePredicateFactory [Method]
2026-07-16T13:16:16.958+02:00  INFO 21344 --- [api-gateway] [           main] o.s.c.g.r.RouteDefinitionRouteLocator    : Loaded RoutePredicateFactory [Path]
2026-07-16T13:16:16.958+02:00  INFO 21344 --- [api-gateway] [           main] o.s.c.g.r.RouteDefinitionRouteLocator    : Loaded RoutePredicateFactory [Query]
2026-07-16T13:16:16.958+02:00  INFO 21344 --- [api-gateway] [           main] o.s.c.g.r.RouteDefinitionRouteLocator    : Loaded RoutePredicateFactory [ReadBody]
2026-07-16T13:16:16.958+02:00  INFO 21344 --- [api-gateway] [           main] o.s.c.g.r.RouteDefinitionRouteLocator    : Loaded RoutePredicateFactory [RemoteAddr]
2026-07-16T13:16:16.958+02:00  INFO 21344 --- [api-gateway] [           main] o.s.c.g.r.RouteDefinitionRouteLocator    : Loaded RoutePredicateFactory [XForwardedRemoteAddr]
2026-07-16T13:16:16.958+02:00  INFO 21344 --- [api-gateway] [           main] o.s.c.g.r.RouteDefinitionRouteLocator    : Loaded RoutePredicateFactory [Weight]
2026-07-16T13:16:16.958+02:00  INFO 21344 --- [api-gateway] [           main] o.s.c.g.r.RouteDefinitionRouteLocator    : Loaded RoutePredicateFactory [CloudFoundryRouteService]
2026-07-16T13:16:17.089+02:00  INFO 21344 --- [api-gateway] [           main] o.s.b.a.e.web.EndpointLinksResolver      : Exposing 2 endpoints beneath base path '/actuator'
2026-07-16T13:16:17.230+02:00  INFO 21344 --- [api-gateway] [           main] DiscoveryClientOptionalArgsConfiguration : Eureka HTTP Client uses RestTemplate.
2026-07-16T13:16:17.272+02:00  WARN 21344 --- [api-gateway] [           main] iguration$LoadBalancerCaffeineWarnLogger : Spring Cloud LoadBalancer is currently working with the default cache. While this cache implementation is useful for development and tests, it's recommended to use Caffeine cache in production.You can switch to using Caffeine cache, by adding it and org.springframework.cache.caffeine.CaffeineCacheManager to the classpath.
2026-07-16T13:16:17.367+02:00  INFO 21344 --- [api-gateway] [           main] o.s.b.web.embedded.netty.NettyWebServer  : Netty started on port 55747 (http)
2026-07-16T13:16:17.478+02:00  INFO 21344 --- [api-gateway] [           main] c.l.a.f.JwtAuthenticationFilterTests     : Started JwtAuthenticationFilterTests in 1.579 seconds (process running for 16.464)
2026-07-16T13:16:17.767+02:00  WARN 21344 --- [api-gateway] [     parallel-1] c.l.a.filter.JwtAuthenticationFilter     : Acceso denegado a '/api/v1/users' — falta header Authorization
]]></system-out>
  </testcase>
  <testcase name="login_sinToken_retornaNoDenegado" classname="com.library.apigateway.filter.JwtAuthenticationFilterTests" time="0.514">
    <system-out><![CDATA[2026-07-16T13:16:18.271+02:00 ERROR 21344 --- [api-gateway] [ctor-http-nio-2] a.w.r.e.AbstractErrorWebExceptionHandler : [19063c51]  500 Server Error for HTTP POST "/api/v1/login"

io.netty.channel.AbstractChannel$AnnotatedConnectException: Connection refused: getsockopt: localhost/127.0.0.1:9999
	Suppressed: reactor.core.publisher.FluxOnAssembly$OnAssemblyException: 
Error has been observed at the following site(s):
	*__checkpoint ⇢ org.springframework.cloud.gateway.filter.WeightCalculatorWebFilter [DefaultWebFilterChain]
	*__checkpoint ⇢ HTTP POST "/api/v1/login" [ExceptionHandlingWebHandler]
Original Stack Trace:
Caused by: java.net.ConnectException: Connection refused: getsockopt
	at java.base/sun.nio.ch.Net.pollConnect(Native Method) ~[na:na]
	at java.base/sun.nio.ch.Net.pollConnectNow(Net.java:690) ~[na:na]
	at java.base/sun.nio.ch.SocketChannelImpl.finishConnect(SocketChannelImpl.java:973) ~[na:na]
	at io.netty.channel.socket.nio.NioSocketChannel.doFinishConnect(NioSocketChannel.java:336) ~[netty-transport-4.1.118.Final.jar:4.1.118.Final]
	at io.netty.channel.nio.AbstractNioChannel$AbstractNioUnsafe.finishConnect(AbstractNioChannel.java:339) ~[netty-transport-4.1.118.Final.jar:4.1.118.Final]
	at io.netty.channel.nio.NioEventLoop.processSelectedKey(NioEventLoop.java:784) ~[netty-transport-4.1.118.Final.jar:4.1.118.Final]
	at io.netty.channel.nio.NioEventLoop.processSelectedKeysOptimized(NioEventLoop.java:732) ~[netty-transport-4.1.118.Final.jar:4.1.118.Final]
	at io.netty.channel.nio.NioEventLoop.processSelectedKeys(NioEventLoop.java:658) ~[netty-transport-4.1.118.Final.jar:4.1.118.Final]
	at io.netty.channel.nio.NioEventLoop.run(NioEventLoop.java:562) ~[netty-transport-4.1.118.Final.jar:4.1.118.Final]
	at io.netty.util.concurrent.SingleThreadEventExecutor$4.run(SingleThreadEventExecutor.java:998) ~[netty-common-4.1.118.Final.jar:4.1.118.Final]
	at io.netty.util.internal.ThreadExecutorMap$2.run(ThreadExecutorMap.java:74) ~[netty-common-4.1.118.Final.jar:4.1.118.Final]
	at io.netty.util.concurrent.FastThreadLocalRunnable.run(FastThreadLocalRunnable.java:30) ~[netty-common-4.1.118.Final.jar:4.1.118.Final]
	at java.base/java.lang.Thread.run(Thread.java:1583) ~[na:na]

]]></system-out>
  </testcase>
  <testcase name="getUsers_tokenExpirado_retorna401" classname="com.library.apigateway.filter.JwtAuthenticationFilterTests" time="0.047">
    <system-out><![CDATA[2026-07-16T13:16:18.438+02:00  WARN 21344 --- [api-gateway] [     parallel-3] c.l.a.filter.JwtAuthenticationFilter     : Token JWT inválido para '/api/v1/users': The Token has expired on 2026-07-16T11:16:17Z.
]]></system-out>
  </testcase>
  <testcase name="getUsers_sinToken_retorna401" classname="com.library.apigateway.filter.JwtAuthenticationFilterTests" time="0.01">
    <system-out><![CDATA[2026-07-16T13:16:18.449+02:00  WARN 21344 --- [api-gateway] [     parallel-4] c.l.a.filter.JwtAuthenticationFilter     : Acceso denegado a '/api/v1/users' — falta header Authorization
]]></system-out>
  </testcase>
  <testcase name="getReserves_sinToken_retorna401" classname="com.library.apigateway.filter.JwtAuthenticationFilterTests" time="0.036">
    <system-out><![CDATA[2026-07-16T13:16:18.462+02:00  WARN 21344 --- [api-gateway] [     parallel-5] c.l.a.filter.JwtAuthenticationFilter     : Acceso denegado a '/api/v1/reserves/all' — falta header Authorization
]]></system-out>
  </testcase>
  <testcase name="getUsers_tokenManipulado_retorna401" classname="com.library.apigateway.filter.JwtAuthenticationFilterTests" time="0.011">
    <system-out><![CDATA[2026-07-16T13:16:18.498+02:00  WARN 21344 --- [api-gateway] [     parallel-6] c.l.a.filter.JwtAuthenticationFilter     : Token JWT inválido para '/api/v1/users': The Token's Signature resulted invalid when verified using the Algorithm: HmacSHA512
]]></system-out>
  </testcase>
  <testcase name="getBooks_sinToken_retornaNoDenegado" classname="com.library.apigateway.filter.JwtAuthenticationFilterTests" time="0.015">
    <system-out><![CDATA[2026-07-16T13:16:18.514+02:00 ERROR 21344 --- [api-gateway] [ctor-http-nio-3] a.w.r.e.AbstractErrorWebExceptionHandler : [4e5fa7df]  500 Server Error for HTTP GET "/api/v1/books"

io.netty.channel.AbstractChannel$AnnotatedConnectException: Connection refused: getsockopt: localhost/127.0.0.1:9999
	Suppressed: reactor.core.publisher.FluxOnAssembly$OnAssemblyException: 
Error has been observed at the following site(s):
	*__checkpoint ⇢ org.springframework.cloud.gateway.filter.WeightCalculatorWebFilter [DefaultWebFilterChain]
	*__checkpoint ⇢ HTTP GET "/api/v1/books" [ExceptionHandlingWebHandler]
Original Stack Trace:
Caused by: java.net.ConnectException: Connection refused: getsockopt
	at java.base/sun.nio.ch.Net.pollConnect(Native Method) ~[na:na]
	at java.base/sun.nio.ch.Net.pollConnectNow(Net.java:690) ~[na:na]
	at java.base/sun.nio.ch.SocketChannelImpl.finishConnect(SocketChannelImpl.java:973) ~[na:na]
	at io.netty.channel.socket.nio.NioSocketChannel.doFinishConnect(NioSocketChannel.java:336) ~[netty-transport-4.1.118.Final.jar:4.1.118.Final]
	at io.netty.channel.nio.AbstractNioChannel$AbstractNioUnsafe.finishConnect(AbstractNioChannel.java:339) ~[netty-transport-4.1.118.Final.jar:4.1.118.Final]
	at io.netty.channel.nio.NioEventLoop.processSelectedKey(NioEventLoop.java:784) ~[netty-transport-4.1.118.Final.jar:4.1.118.Final]
	at io.netty.channel.nio.NioEventLoop.processSelectedKeysOptimized(NioEventLoop.java:732) ~[netty-transport-4.1.118.Final.jar:4.1.118.Final]
	at io.netty.channel.nio.NioEventLoop.processSelectedKeys(NioEventLoop.java:658) ~[netty-transport-4.1.118.Final.jar:4.1.118.Final]
	at io.netty.channel.nio.NioEventLoop.run(NioEventLoop.java:562) ~[netty-transport-4.1.118.Final.jar:4.1.118.Final]
	at io.netty.util.concurrent.SingleThreadEventExecutor$4.run(SingleThreadEventExecutor.java:998) ~[netty-common-4.1.118.Final.jar:4.1.118.Final]
	at io.netty.util.internal.ThreadExecutorMap$2.run(ThreadExecutorMap.java:74) ~[netty-common-4.1.118.Final.jar:4.1.118.Final]
	at io.netty.util.concurrent.FastThreadLocalRunnable.run(FastThreadLocalRunnable.java:30) ~[netty-common-4.1.118.Final.jar:4.1.118.Final]
	at java.base/java.lang.Thread.run(Thread.java:1583) ~[na:na]

]]></system-out>
  </testcase>
  <testcase name="getGenres_sinToken_retornaNoDenegado" classname="com.library.apigateway.filter.JwtAuthenticationFilterTests" time="0.016">
    <system-out><![CDATA[2026-07-16T13:16:18.531+02:00 ERROR 21344 --- [api-gateway] [ctor-http-nio-4] a.w.r.e.AbstractErrorWebExceptionHandler : [7ebf759b]  500 Server Error for HTTP GET "/api/v1/genres"

io.netty.channel.AbstractChannel$AnnotatedConnectException: Connection refused: getsockopt: localhost/127.0.0.1:9999
	Suppressed: reactor.core.publisher.FluxOnAssembly$OnAssemblyException: 
Error has been observed at the following site(s):
	*__checkpoint ⇢ org.springframework.cloud.gateway.filter.WeightCalculatorWebFilter [DefaultWebFilterChain]
	*__checkpoint ⇢ HTTP GET "/api/v1/genres" [ExceptionHandlingWebHandler]
Original Stack Trace:
Caused by: java.net.ConnectException: Connection refused: getsockopt
	at java.base/sun.nio.ch.Net.pollConnect(Native Method) ~[na:na]
	at java.base/sun.nio.ch.Net.pollConnectNow(Net.java:690) ~[na:na]
	at java.base/sun.nio.ch.SocketChannelImpl.finishConnect(SocketChannelImpl.java:973) ~[na:na]
	at io.netty.channel.socket.nio.NioSocketChannel.doFinishConnect(NioSocketChannel.java:336) ~[netty-transport-4.1.118.Final.jar:4.1.118.Final]
	at io.netty.channel.nio.AbstractNioChannel$AbstractNioUnsafe.finishConnect(AbstractNioChannel.java:339) ~[netty-transport-4.1.118.Final.jar:4.1.118.Final]
	at io.netty.channel.nio.NioEventLoop.processSelectedKey(NioEventLoop.java:784) ~[netty-transport-4.1.118.Final.jar:4.1.118.Final]
	at io.netty.channel.nio.NioEventLoop.processSelectedKeysOptimized(NioEventLoop.java:732) ~[netty-transport-4.1.118.Final.jar:4.1.118.Final]
	at io.netty.channel.nio.NioEventLoop.processSelectedKeys(NioEventLoop.java:658) ~[netty-transport-4.1.118.Final.jar:4.1.118.Final]
	at io.netty.channel.nio.NioEventLoop.run(NioEventLoop.java:562) ~[netty-transport-4.1.118.Final.jar:4.1.118.Final]
	at io.netty.util.concurrent.SingleThreadEventExecutor$4.run(SingleThreadEventExecutor.java:998) ~[netty-common-4.1.118.Final.jar:4.1.118.Final]
	at io.netty.util.internal.ThreadExecutorMap$2.run(ThreadExecutorMap.java:74) ~[netty-common-4.1.118.Final.jar:4.1.118.Final]
	at io.netty.util.concurrent.FastThreadLocalRunnable.run(FastThreadLocalRunnable.java:30) ~[netty-common-4.1.118.Final.jar:4.1.118.Final]
	at java.base/java.lang.Thread.run(Thread.java:1583) ~[na:na]

]]></system-out>
  </testcase>
  <testcase name="postUsers_registroPublico_sinToken_noDa401" classname="com.library.apigateway.filter.JwtAuthenticationFilterTests" time="0.016">
    <system-out><![CDATA[2026-07-16T13:16:18.549+02:00 ERROR 21344 --- [api-gateway] [ctor-http-nio-5] a.w.r.e.AbstractErrorWebExceptionHandler : [156b73dd]  500 Server Error for HTTP POST "/api/v1/users"

io.netty.channel.AbstractChannel$AnnotatedConnectException: Connection refused: getsockopt: localhost/127.0.0.1:9999
	Suppressed: reactor.core.publisher.FluxOnAssembly$OnAssemblyException: 
Error has been observed at the following site(s):
	*__checkpoint ⇢ org.springframework.cloud.gateway.filter.WeightCalculatorWebFilter [DefaultWebFilterChain]
	*__checkpoint ⇢ HTTP POST "/api/v1/users" [ExceptionHandlingWebHandler]
Original Stack Trace:
Caused by: java.net.ConnectException: Connection refused: getsockopt
	at java.base/sun.nio.ch.Net.pollConnect(Native Method) ~[na:na]
	at java.base/sun.nio.ch.Net.pollConnectNow(Net.java:690) ~[na:na]
	at java.base/sun.nio.ch.SocketChannelImpl.finishConnect(SocketChannelImpl.java:973) ~[na:na]
	at io.netty.channel.socket.nio.NioSocketChannel.doFinishConnect(NioSocketChannel.java:336) ~[netty-transport-4.1.118.Final.jar:4.1.118.Final]
	at io.netty.channel.nio.AbstractNioChannel$AbstractNioUnsafe.finishConnect(AbstractNioChannel.java:339) ~[netty-transport-4.1.118.Final.jar:4.1.118.Final]
	at io.netty.channel.nio.NioEventLoop.processSelectedKey(NioEventLoop.java:784) ~[netty-transport-4.1.118.Final.jar:4.1.118.Final]
	at io.netty.channel.nio.NioEventLoop.processSelectedKeysOptimized(NioEventLoop.java:732) ~[netty-transport-4.1.118.Final.jar:4.1.118.Final]
	at io.netty.channel.nio.NioEventLoop.processSelectedKeys(NioEventLoop.java:658) ~[netty-transport-4.1.118.Final.jar:4.1.118.Final]
	at io.netty.channel.nio.NioEventLoop.run(NioEventLoop.java:562) ~[netty-transport-4.1.118.Final.jar:4.1.118.Final]
	at io.netty.util.concurrent.SingleThreadEventExecutor$4.run(SingleThreadEventExecutor.java:998) ~[netty-common-4.1.118.Final.jar:4.1.118.Final]
	at io.netty.util.internal.ThreadExecutorMap$2.run(ThreadExecutorMap.java:74) ~[netty-common-4.1.118.Final.jar:4.1.118.Final]
	at io.netty.util.concurrent.FastThreadLocalRunnable.run(FastThreadLocalRunnable.java:30) ~[netty-common-4.1.118.Final.jar:4.1.118.Final]
	at java.base/java.lang.Thread.run(Thread.java:1583) ~[na:na]

]]></system-out>
  </testcase>
  <testcase name="postBook_sinToken_retorna401" classname="com.library.apigateway.filter.JwtAuthenticationFilterTests" time="0.01">
    <system-out><![CDATA[2026-07-16T13:16:18.561+02:00  WARN 21344 --- [api-gateway] [    parallel-10] c.l.a.filter.JwtAuthenticationFilter     : Acceso denegado a '/api/v1/books' — falta header Authorization
]]></system-out>
  </testcase>
  <testcase name="getUsers_tokenConSecretoIncorrecto_retorna401" classname="com.library.apigateway.filter.JwtAuthenticationFilterTests" time="0.012">
    <system-out><![CDATA[2026-07-16T13:16:18.574+02:00  WARN 21344 --- [api-gateway] [    parallel-11] c.l.a.filter.JwtAuthenticationFilter     : Token JWT inválido para '/api/v1/users': The Token's Signature resulted invalid when verified using the Algorithm: HmacSHA512
]]></system-out>
  </testcase>
</testsuite>